[debug] [2022-07-18T15:31:58.004Z] ----------------------------------------------------------------------
[debug] [2022-07-18T15:31:58.011Z] Command:       C:\Program Files\nodejs\node.exe C:\Users\Khushi Reddy\AppData\Roaming\npm\node_modules\firebase-tools\lib\bin\firebase.js init
[debug] [2022-07-18T15:31:58.012Z] CLI Version:   11.2.2
[debug] [2022-07-18T15:31:58.013Z] Platform:      win32
[debug] [2022-07-18T15:31:58.013Z] Node Version:  v16.14.2
[debug] [2022-07-18T15:31:58.016Z] Time:          Mon Jul 18 2022 21:01:58 GMT+0530 (India Standard Time)
[debug] [2022-07-18T15:31:58.017Z] ----------------------------------------------------------------------
[debug] 
[debug] [2022-07-18T15:31:58.047Z] > command requires scopes: ["email","openid","https://www.googleapis.com/auth/cloudplatformprojects.readonly","https://www.googleapis.com/auth/firebase","https://www.googleapis.com/auth/cloud-platform"]
[debug] [2022-07-18T15:31:58.048Z] > authorizing via signed-in user (khushireddy2001@gmail.com)
[info] 
     ######## #### ########  ######## ########     ###     ######  ########
     ##        ##  ##     ## ##       ##     ##  ##   ##  ##       ##
     ######    ##  ########  ######   ########  #########  ######  ######
     ##        ##  ##    ##  ##       ##     ## ##     ##       ## ##
     ##       #### ##     ## ######## ########  ##     ##  ######  ########

You're about to initialize a Firebase project in this directory:

  C:\Users\Khushi Reddy\Desktop\ReactJS with Redux\react-ecommerce-store

[info] 
=== Project Setup
[info] 
[info] First, let's associate this project directory with a Firebase project.
[info] You can create multiple project aliases by running firebase use --add, 
[info] but for now we'll just set up a default project.
[info] 
[debug] [2022-07-18T15:34:22.608Z] >>> [apiv2][query] GET https://firebase.googleapis.com/v1beta1/projects pageSize=100
[debug] [2022-07-18T15:34:23.557Z] <<< [apiv2][status] GET https://firebase.googleapis.com/v1beta1/projects 200
[debug] [2022-07-18T15:34:23.558Z] <<< [apiv2][body] GET https://firebase.googleapis.com/v1beta1/projects [omitted]
[info] i  Using project yomart-2906 (YoMart) 
[info] 
=== Hosting Setup
[info] 
[info] Your public directory is the folder (relative to your project directory) that
[info] will contain Hosting assets to be uploaded with firebase deploy. If you
[info] have a build process for your assets, use your build's output directory.
[info] 
